{"level":"info","message":"Product added to cart 65257f1a9fedd8f6e3098904"}
{"level":"info","message":"Product added to cart 65257f1a9fedd8f6e3098904"}
{"level":"info","message":"Product added to cart 65257f1a9fedd8f6e3098904"}
{"level":"info","message":"Product added to cart 65257f1a9fedd8f6e3098904"}
{"level":"info","message":"Product added to cart 65257f1a9fedd8f6e3098904"}
{"level":"info","message":"Product added to cart 65257f1a9fedd8f6e3098904"}
{"level":"info","message":"Product added to cart 65257f1a9fedd8f6e3098904"}
{"level":"info","message":"Product added to cart 65257f1a9fedd8f6e3098904"}
{"level":"info","message":"Product added to cart 65257f1a9fedd8f6e3098904"}
{"level":"info","message":"Product added to cart 65257f1a9fedd8f6e3098904"}
{"level":"info","message":"Product added to cart 65257f1a9fedd8f6e3098904"}
{"level":"info","message":"Cart created with id: 6525806d7bda578f62ce7bf1"}
{"level":"info","message":"user 64acbdd2c8e51b350f4d8ad1 logged out - 10/10/2023, 13:49:27"}
{"level":"info","message":"user 64acbdd2c8e51b350f4d8ad1 logged in - 10/10/2023, 13:49:29"}
{"level":"info","message":"user 64acbdd2c8e51b350f4d8ad1 logged in - 10/10/2023, 13:49:29"}
{"level":"info","message":"Cart created with id: 6525898142cde9672cdaef2e"}
{"level":"info","message":"Product added to cart 6525806d7bda578f62ce7bf1"}
{"level":"info","message":"Product added to cart 6525806d7bda578f62ce7bf1"}
{"level":"info","message":"Product added to cart 6525806d7bda578f62ce7bf1"}
{"level":"info","message":"Product added to cart 6525806d7bda578f62ce7bf1"}
{"level":"info","message":"Cart created with id: 652589f59300b1ce7d0b4a1f"}
{"level":"info","message":"Cart created with id: 65258a29dc221513ff1896f7"}
{"level":"info","message":"Cart created with id: 65258b4b2e6fe2e85f24f1aa"}
{"level":"info","message":"Cart created with id: 65258c588a37dd92137ba52d"}
{"level":"info","message":"Cart created with id: 65258cf4ad5ba338db06a8fa"}
{"level":"info","message":"Cart created with id: 65258dc75726a1c13668a3bf"}
{"level":"info","message":"user 64acbdd2c8e51b350f4d8ad1 logged in - 10/10/2023, 14:50:46"}
{"level":"info","message":"user 64acbdd2c8e51b350f4d8ad1 logged in - 10/10/2023, 14:50:46"}
{"level":"info","message":"Product added to cart 65258dc75726a1c13668a3bf"}
{"level":"info","message":"Product added to cart 65258dc75726a1c13668a3bf"}
{"level":"info","message":"Product added to cart 65258dc75726a1c13668a3bf"}
{"level":"info","message":"Product added to cart 65258dc75726a1c13668a3bf"}
{"level":"info","message":"Product added to cart 65258dc75726a1c13668a3bf"}
{"level":"info","message":"Cart created with id: 65258f0a63963dc9625e6a60"}
{"level":"info","message":"Product added to cart 65258f0a63963dc9625e6a60"}
{"level":"info","message":"Product added to cart 65258f0a63963dc9625e6a60"}
{"level":"info","message":"Product added to cart 65258f0a63963dc9625e6a60"}
{"level":"info","message":"Cart created with id: 6525907e80a90f2a44c98b1c"}
{"level":"info","message":"Product added to cart 6525907e80a90f2a44c98b1c"}
{"level":"info","message":"Product added to cart 6525907e80a90f2a44c98b1c"}
{"level":"info","message":"Product added to cart 6525907e80a90f2a44c98b1c"}
{"level":"info","message":"Product added to cart 6525907e80a90f2a44c98b1c"}
{"level":"info","message":"Product added to cart 6525907e80a90f2a44c98b1c"}
{"level":"info","message":"Product added to cart 6525907e80a90f2a44c98b1c"}
{"level":"info","message":"Product added to cart 6525907e80a90f2a44c98b1c"}
{"level":"info","message":"Cart created with id: 652590bf80a90f2a44c98f9a"}
{"level":"info","message":"user 64acbdd2c8e51b350f4d8ad1 logged in - 10/10/2023, 16:34:25"}
{"level":"info","message":"user 64acbdd2c8e51b350f4d8ad1 logged in - 10/10/2023, 16:34:25"}
{"level":"info","message":"Product added to cart 652590bf80a90f2a44c98f9a"}
{"level":"info","message":"Product added to cart 652590bf80a90f2a44c98f9a"}
{"level":"info","message":"Product added to cart 652590bf80a90f2a44c98f9a"}
{"level":"info","message":"Cart created with id: 6525a7761a7f009d9f595876"}
{"level":"info","message":"user 64acbdd2c8e51b350f4d8ad1 logged in - 10/10/2023, 22:06:11"}
{"level":"info","message":"user 64acbdd2c8e51b350f4d8ad1 logged in - 10/10/2023, 22:06:11"}
{"level":"info","message":"user 64acbdd2c8e51b350f4d8ad1 logged out - 10/10/2023, 22:08:59"}
{"level":"info","message":"user 651c503a2fbf1da641a28e82 logged in - 10/10/2023, 22:09:04"}
{"level":"info","message":"user 651c503a2fbf1da641a28e82 logged in - 10/10/2023, 22:09:04"}
{"level":"info","message":"Cart created with id: 6525f5b114ff0e5d828d4f5f"}
{"level":"info","message":"Product added to cart 6525f5b114ff0e5d828d4f5f"}
{"level":"info","message":"user 651c503a2fbf1da641a28e82 logged out - 10/10/2023, 22:24:59"}
{"level":"info","message":"user 651c503a2fbf1da641a28e82 logged in - 10/10/2023, 22:25:01"}
{"level":"info","message":"user 651c503a2fbf1da641a28e82 logged in - 10/10/2023, 22:25:01"}
{"level":"info","message":"user 651c503a2fbf1da641a28e82 logged out - 10/10/2023, 23:28:52"}
{"level":"info","message":"user 64acbdd2c8e51b350f4d8ad1 logged in - 10/10/2023, 23:29:00"}
{"level":"info","message":"user 64acbdd2c8e51b350f4d8ad1 logged in - 10/10/2023, 23:29:00"}
{"level":"info","message":"Product added to cart 6525a7edcd4d692042f1d683"}
{"level":"info","message":"Product added to cart 6525a7edcd4d692042f1d683"}
{"level":"info","message":"Product added to cart 6525a7edcd4d692042f1d683"}
{"level":"info","message":"Product added to cart 6525a7edcd4d692042f1d683"}
{"level":"info","message":"user 64acbdd2c8e51b350f4d8ad1 logged out - 10/10/2023, 23:35:22"}
{"level":"info","message":"user 64acbdd2c8e51b350f4d8ad1 logged in - 10/10/2023, 23:35:24"}
{"level":"info","message":"user 64acbdd2c8e51b350f4d8ad1 logged in - 10/10/2023, 23:35:24"}
{"level":"info","message":"user 64acbdd2c8e51b350f4d8ad1 logged out - 10/10/2023, 23:36:19"}
{"level":"info","message":"user 64acbdd2c8e51b350f4d8ad1 logged in - 10/10/2023, 23:36:22"}
{"level":"info","message":"user 64acbdd2c8e51b350f4d8ad1 logged in - 10/10/2023, 23:36:22"}
{"level":"info","message":"Product added to cart 652609784a81a77351f152c9"}
{"level":"info","message":"Product added to cart 652609784a81a77351f152c9"}
{"level":"info","message":"Cart created with id: 65260a4fec0c2ffa2f2d1eff"}
{"level":"info","message":"user 64acbdd2c8e51b350f4d8ad1 logged in - 11/10/2023, 22:33:42"}
{"level":"info","message":"user 64acbdd2c8e51b350f4d8ad1 logged in - 11/10/2023, 22:33:42"}
{"level":"info","message":"Product added to cart 65260a4fec0c2ffa2f2d1eff"}
{"level":"info","message":"Product added to cart 65260a4fec0c2ffa2f2d1eff"}
{"level":"info","message":"Cart created with id: 652750b98ddcc60ece794584"}
{"level":"info","message":"Product added to cart 652750b98ddcc60ece794584"}
{"level":"info","message":"Product added to cart 652750b98ddcc60ece794584"}
{"level":"info","message":"Product added to cart 652750b98ddcc60ece794584"}
{"level":"info","message":"Cart created with id: 652754a4a47a01c1c6b766e8"}
{"level":"info","message":"user 64acbdd2c8e51b350f4d8ad1 logged out - 11/10/2023, 23:09:09"}
{"level":"info","message":"user 651c503a2fbf1da641a28e82 logged in - 11/10/2023, 23:09:14"}
{"level":"info","message":"user 651c503a2fbf1da641a28e82 logged in - 11/10/2023, 23:09:14"}
{"level":"info","message":"user 651c503a2fbf1da641a28e82 logged out - 11/10/2023, 23:20:13"}
{"level":"info","message":"user 64acbdd2c8e51b350f4d8ad1 logged in - 11/10/2023, 23:20:24"}
{"level":"info","message":"user 64acbdd2c8e51b350f4d8ad1 logged in - 11/10/2023, 23:20:24"}
{"level":"info","message":"Product 6527582b425583fbce2a095f created by julian.dascanio@gmail.com on 11/10/2023, 23:21:31"}
{"level":"info","message":"Product 6527587d4f7622b7bc13f90d created by julian.dascanio@gmail.com on 11/10/2023, 23:22:53"}
{"level":"info","message":"User 64acbdd2c8e51b350f4d8ad1 changed this password on 11/10/2023, 23:26:21"}
{"level":"info","message":"user 64acbdd2c8e51b350f4d8ad1 logged out - 11/10/2023, 23:26:29"}
{"level":"info","message":"user 64acbdd2c8e51b350f4d8ad1 logged in - 11/10/2023, 23:26:34"}
{"level":"info","message":"user 64acbdd2c8e51b350f4d8ad1 logged in - 11/10/2023, 23:26:34"}
